# JRE version: OpenJDK Runtime Environment (11.0.10) (build 11.0.10+0-b96-7249189)
# Java VM: OpenJDK 64-Bit Server VM (11.0.10+0-b96-7249189, mixed mode, tiered, compressed oops, g1 gc, windows-amd64)
Heap:
 garbage-first heap   total 378880K, used 319112K [0x0000000080000000, 0x0000000100000000)
  region size 1024K, 135 young (138240K), 9 survivors (9216K)
 Metaspace       used 134332K, capacity 138184K, committed 141348K, reserved 1171456K
  class space    used 16741K, capacity 18219K, committed 19456K, reserved 1048576K
GC Heap History (20 events):
Event: 12.767 GC heap before
{Heap before GC invocations=46 (full 0):
 garbage-first heap   total 315392K, used 249057K [0x0000000080000000, 0x0000000100000000)
  region size 1024K, 97 young (99328K), 2 survivors (2048K)
 Metaspace       used 126393K, capacity 130382K, committed 130596K, reserved 1163264K
  class space    used 15870K, capacity 17380K, committed 17408K, reserved 1048576K
}
Event: 12.775 GC heap after
{Heap after GC invocations=47 (full 0):
 garbage-first heap   total 315392K, used 161890K [0x0000000080000000, 0x0000000100000000)
  region size 1024K, 11 young (11264K), 11 survivors (11264K)
 Metaspace       used 126393K, capacity 130382K, committed 130596K, reserved 1163264K
  class space    used 15870K, capacity 17380K, committed 17408K, reserved 1048576K
}
Event: 13.078 GC heap before
{Heap before GC invocations=48 (full 0):
 garbage-first heap   total 315392K, used 252002K [0x0000000080000000, 0x0000000100000000)
  region size 1024K, 100 young (102400K), 11 survivors (11264K)
 Metaspace       used 133429K, capacity 138323K, committed 138532K, reserved 1169408K
  class space    used 17237K, capacity 19197K, committed 19200K, reserved 1048576K
}
Event: 13.084 GC heap after
{Heap after GC invocations=49 (full 0):
 garbage-first heap   total 315392K, used 164508K [0x0000000080000000, 0x0000000100000000)
  region size 1024K, 4 young (4096K), 4 survivors (4096K)
 Metaspace       used 133429K, capacity 138323K, committed 138532K, reserved 1169408K
  class space    used 17237K, capacity 19197K, committed 19200K, reserved 1048576K
}
Event: 13.105 GC heap before
{Heap before GC invocations=49 (full 0):
 garbage-first heap   total 315392K, used 174748K [0x0000000080000000, 0x0000000100000000)
  region size 1024K, 15 young (15360K), 4 survivors (4096K)
 Metaspace       used 133644K, capacity 138603K, committed 138916K, reserved 1169408K
  class space    used 17265K, capacity 19226K, committed 19328K, reserved 1048576K
}
Event: 13.109 GC heap after
{Heap after GC invocations=50 (full 0):
 garbage-first heap   total 315392K, used 161452K [0x0000000080000000, 0x0000000100000000)
  region size 1024K, 1 young (1024K), 1 survivors (1024K)
 Metaspace       used 133644K, capacity 138603K, committed 138916K, reserved 1169408K
  class space    used 17265K, capacity 19226K, committed 19328K, reserved 1048576K
}
Event: 13.256 GC heap before
{Heap before GC invocations=50 (full 0):
 garbage-first heap   total 315392K, used 254636K [0x0000000080000000, 0x0000000100000000)
  region size 1024K, 93 young (95232K), 1 survivors (1024K)
 Metaspace       used 134563K, capacity 139651K, committed 139812K, reserved 1169408K
  class space    used 17351K, capacity 19354K, committed 19456K, reserved 1048576K
}
Event: 13.260 GC heap after
{Heap after GC invocations=51 (full 0):
 garbage-first heap   total 315392K, used 164050K [0x0000000080000000, 0x0000000100000000)
  region size 1024K, 4 young (4096K), 4 survivors (4096K)
 Metaspace       used 134563K, capacity 139651K, committed 139812K, reserved 1169408K
  class space    used 17351K, capacity 19354K, committed 19456K, reserved 1048576K
}
Event: 13.455 GC heap before
{Heap before GC invocations=52 (full 0):
 garbage-first heap   total 315392K, used 259282K [0x0000000080000000, 0x0000000100000000)
  region size 1024K, 97 young (99328K), 4 survivors (4096K)
 Metaspace       used 132701K, capacity 136442K, committed 140068K, reserved 1169408K
  class space    used 16622K, capacity 18040K, committed 19456K, reserved 1048576K
}
Event: 13.459 GC heap after
{Heap after GC invocations=53 (full 0):
 garbage-first heap   total 315392K, used 169601K [0x0000000080000000, 0x0000000100000000)
  region size 1024K, 9 young (9216K), 9 survivors (9216K)
 Metaspace       used 132701K, capacity 136442K, committed 140068K, reserved 1169408K
  class space    used 16622K, capacity 18040K, committed 19456K, reserved 1048576K
}
Event: 13.474 GC heap before
{Heap before GC invocations=53 (full 0):
 garbage-first heap   total 315392K, used 175745K [0x0000000080000000, 0x0000000100000000)
  region size 1024K, 15 young (15360K), 9 survivors (9216K)
 Metaspace       used 132710K, capacity 136506K, committed 140068K, reserved 1169408K
  class space    used 16622K, capacity 18040K, committed 19456K, reserved 1048576K
}
Event: 13.479 GC heap after
{Heap after GC invocations=54 (full 0):
 garbage-first heap   total 315392K, used 167834K [0x0000000080000000, 0x0000000100000000)
  region size 1024K, 2 young (2048K), 2 survivors (2048K)
 Metaspace       used 132710K, capacity 136506K, committed 140068K, reserved 1169408K
  class space    used 16622K, capacity 18040K, committed 19456K, reserved 1048576K
}
Event: 13.628 GC heap before
{Heap before GC invocations=54 (full 0):
 garbage-first heap   total 315392K, used 259994K [0x0000000080000000, 0x0000000100000000)
  region size 1024K, 94 young (96256K), 2 survivors (2048K)
 Metaspace       used 133497K, capacity 137288K, committed 140836K, reserved 1171456K
  class space    used 16674K, capacity 18093K, committed 19456K, reserved 1048576K
}
Event: 13.632 GC heap after
{Heap after GC invocations=55 (full 0):
 garbage-first heap   total 378880K, used 170497K [0x0000000080000000, 0x0000000100000000)
  region size 1024K, 4 young (4096K), 4 survivors (4096K)
 Metaspace       used 133497K, capacity 137288K, committed 140836K, reserved 1171456K
  class space    used 16674K, capacity 18093K, committed 19456K, reserved 1048576K
}
Event: 13.754 GC heap before
{Heap before GC invocations=55 (full 0):
 garbage-first heap   total 378880K, used 302593K [0x0000000080000000, 0x0000000100000000)
  region size 1024K, 134 young (137216K), 4 survivors (4096K)
 Metaspace       used 133942K, capacity 137819K, committed 141092K, reserved 1171456K
  class space    used 16727K, capacity 18199K, committed 19456K, reserved 1048576K
}
Event: 13.757 GC heap after
{Heap after GC invocations=56 (full 0):
 garbage-first heap   total 378880K, used 177716K [0x0000000080000000, 0x0000000100000000)
  region size 1024K, 11 young (11264K), 11 survivors (11264K)
 Metaspace       used 133942K, capacity 137819K, committed 141092K, reserved 1171456K
  class space    used 16727K, capacity 18199K, committed 19456K, reserved 1048576K
}
Event: 13.851 GC heap before
{Heap before GC invocations=56 (full 0):
 garbage-first heap   total 378880K, used 306740K [0x0000000080000000, 0x0000000100000000)
  region size 1024K, 138 young (141312K), 11 survivors (11264K)
 Metaspace       used 134099K, capacity 137949K, committed 141092K, reserved 1171456K
  class space    used 16737K, capacity 18216K, committed 19456K, reserved 1048576K
}
Event: 13.856 GC heap after
{Heap after GC invocations=57 (full 0):
 garbage-first heap   total 378880K, used 184492K [0x0000000080000000, 0x0000000100000000)
  region size 1024K, 16 young (16384K), 16 survivors (16384K)
 Metaspace       used 134099K, capacity 137949K, committed 141092K, reserved 1171456K
  class space    used 16737K, capacity 18216K, committed 19456K, reserved 1048576K
}
Event: 13.977 GC heap before
{Heap before GC invocations=57 (full 0):
 garbage-first heap   total 378880K, used 309420K [0x0000000080000000, 0x0000000100000000)
  region size 1024K, 139 young (142336K), 16 survivors (16384K)
 Metaspace       used 134222K, capacity 138111K, committed 141348K, reserved 1171456K
  class space    used 16738K, capacity 18218K, committed 19456K, reserved 1048576K
}
Event: 13.983 GC heap after
{Heap after GC invocations=58 (full 0):
 garbage-first heap   total 378880K, used 190088K [0x0000000080000000, 0x0000000100000000)
  region size 1024K, 10 young (10240K), 10 survivors (10240K)
 Metaspace       used 134222K, capacity 138111K, committed 141348K, reserved 1171456K
  class space    used 16738K, capacity 18218K, committed 19456K, reserved 1048576K
}

