# JRE version: OpenJDK Runtime Environment (11.0.10) (build 11.0.10+0-b96-7249189)
# Java VM: OpenJDK 64-Bit Server VM (11.0.10+0-b96-7249189, mixed mode, tiered, compressed oops, g1 gc, windows-amd64)
Heap:
 garbage-first heap   total 470016K, used 363820K [0x0000000080000000, 0x0000000100000000)
  region size 1024K, 178 young (182272K), 14 survivors (14336K)
 Metaspace       used 119329K, capacity 124011K, committed 124232K, reserved 1157120K
  class space    used 15361K, capacity 17070K, committed 17152K, reserved 1048576K
GC Heap History (20 events):
Event: 8.559 GC heap before
{Heap before GC invocations=34 (full 0):
 garbage-first heap   total 262144K, used 152189K [0x0000000080000000, 0x0000000100000000)
  region size 1024K, 20 young (20480K), 7 survivors (7168K)
 Metaspace       used 94215K, capacity 97171K, committed 97224K, reserved 1132544K
  class space    used 12318K, capacity 13420K, committed 13440K, reserved 1048576K
}
Event: 8.563 GC heap after
{Heap after GC invocations=35 (full 0):
 garbage-first heap   total 262144K, used 121857K [0x0000000080000000, 0x0000000100000000)
  region size 1024K, 5 young (5120K), 5 survivors (5120K)
 Metaspace       used 94215K, capacity 97171K, committed 97224K, reserved 1132544K
  class space    used 12318K, capacity 13420K, committed 13440K, reserved 1048576K
}
Event: 8.632 GC heap before
{Heap before GC invocations=36 (full 0):
 garbage-first heap   total 262144K, used 147457K [0x0000000080000000, 0x0000000100000000)
  region size 1024K, 19 young (19456K), 5 survivors (5120K)
 Metaspace       used 94308K, capacity 97199K, committed 97224K, reserved 1132544K
  class space    used 12323K, capacity 13427K, committed 13440K, reserved 1048576K
}
Event: 8.637 GC heap after
{Heap after GC invocations=37 (full 0):
 garbage-first heap   total 315392K, used 123429K [0x0000000080000000, 0x0000000100000000)
  region size 1024K, 6 young (6144K), 6 survivors (6144K)
 Metaspace       used 94308K, capacity 97199K, committed 97224K, reserved 1132544K
  class space    used 12323K, capacity 13427K, committed 13440K, reserved 1048576K
}
Event: 8.700 GC heap before
{Heap before GC invocations=38 (full 0):
 garbage-first heap   total 315392K, used 156197K [0x0000000080000000, 0x0000000100000000)
  region size 1024K, 19 young (19456K), 6 survivors (6144K)
 Metaspace       used 94343K, capacity 97329K, committed 97480K, reserved 1134592K
  class space    used 12323K, capacity 13427K, committed 13440K, reserved 1048576K
}
Event: 8.704 GC heap after
{Heap after GC invocations=39 (full 0):
 garbage-first heap   total 315392K, used 123720K [0x0000000080000000, 0x0000000100000000)
  region size 1024K, 7 young (7168K), 7 survivors (7168K)
 Metaspace       used 94343K, capacity 97329K, committed 97480K, reserved 1134592K
  class space    used 12323K, capacity 13427K, committed 13440K, reserved 1048576K
}
Event: 8.848 GC heap before
{Heap before GC invocations=40 (full 0):
 garbage-first heap   total 315392K, used 169800K [0x0000000080000000, 0x0000000100000000)
  region size 1024K, 30 young (30720K), 7 survivors (7168K)
 Metaspace       used 94471K, capacity 97473K, committed 97608K, reserved 1134592K
  class space    used 12333K, capacity 13443K, committed 13568K, reserved 1048576K
}
Event: 8.854 GC heap after
{Heap after GC invocations=41 (full 0):
 garbage-first heap   total 315392K, used 125434K [0x0000000080000000, 0x0000000100000000)
  region size 1024K, 8 young (8192K), 8 survivors (8192K)
 Metaspace       used 94471K, capacity 97473K, committed 97608K, reserved 1134592K
  class space    used 12333K, capacity 13443K, committed 13568K, reserved 1048576K
}
Event: 9.396 GC heap before
{Heap before GC invocations=42 (full 0):
 garbage-first heap   total 315392K, used 245242K [0x0000000080000000, 0x0000000100000000)
  region size 1024K, 110 young (112640K), 8 survivors (8192K)
 Metaspace       used 98825K, capacity 102126K, committed 102344K, reserved 1138688K
  class space    used 12915K, capacity 14091K, committed 14208K, reserved 1048576K
}
Event: 9.401 GC heap after
{Heap after GC invocations=43 (full 0):
 garbage-first heap   total 315392K, used 131608K [0x0000000080000000, 0x0000000100000000)
  region size 1024K, 12 young (12288K), 12 survivors (12288K)
 Metaspace       used 98825K, capacity 102126K, committed 102344K, reserved 1138688K
  class space    used 12915K, capacity 14091K, committed 14208K, reserved 1048576K
}
Event: 10.093 GC heap before
{Heap before GC invocations=43 (full 0):
 garbage-first heap   total 315392K, used 238104K [0x0000000080000000, 0x0000000100000000)
  region size 1024K, 115 young (117760K), 12 survivors (12288K)
 Metaspace       used 109742K, capacity 113280K, committed 113352K, reserved 1146880K
  class space    used 14180K, capacity 15447K, committed 15488K, reserved 1048576K
}
Event: 10.101 GC heap after
{Heap after GC invocations=44 (full 0):
 garbage-first heap   total 470016K, used 139305K [0x0000000080000000, 0x0000000100000000)
  region size 1024K, 15 young (15360K), 15 survivors (15360K)
 Metaspace       used 109742K, capacity 113280K, committed 113352K, reserved 1146880K
  class space    used 14180K, capacity 15447K, committed 15488K, reserved 1048576K
}
Event: 10.686 GC heap before
{Heap before GC invocations=44 (full 0):
 garbage-first heap   total 470016K, used 327721K [0x0000000080000000, 0x0000000100000000)
  region size 1024K, 200 young (204800K), 15 survivors (15360K)
 Metaspace       used 114247K, capacity 118145K, committed 118216K, reserved 1150976K
  class space    used 14774K, capacity 16199K, committed 16256K, reserved 1048576K
}
Event: 10.694 GC heap after
{Heap after GC invocations=45 (full 0):
 garbage-first heap   total 470016K, used 154707K [0x0000000080000000, 0x0000000100000000)
  region size 1024K, 23 young (23552K), 23 survivors (23552K)
 Metaspace       used 114247K, capacity 118145K, committed 118216K, reserved 1150976K
  class space    used 14774K, capacity 16199K, committed 16256K, reserved 1048576K
}
Event: 11.443 GC heap before
{Heap before GC invocations=45 (full 0):
 garbage-first heap   total 470016K, used 343123K [0x0000000080000000, 0x0000000100000000)
  region size 1024K, 208 young (212992K), 23 survivors (23552K)
 Metaspace       used 116900K, capacity 121174K, committed 121288K, reserved 1155072K
  class space    used 15103K, capacity 16657K, committed 16768K, reserved 1048576K
}
Event: 11.454 GC heap after
{Heap after GC invocations=46 (full 0):
 garbage-first heap   total 470016K, used 168960K [0x0000000080000000, 0x0000000100000000)
  region size 1024K, 16 young (16384K), 16 survivors (16384K)
 Metaspace       used 116900K, capacity 121174K, committed 121288K, reserved 1155072K
  class space    used 15103K, capacity 16657K, committed 16768K, reserved 1048576K
}
Event: 12.038 GC heap before
{Heap before GC invocations=46 (full 0):
 garbage-first heap   total 470016K, used 357376K [0x0000000080000000, 0x0000000100000000)
  region size 1024K, 200 young (204800K), 16 survivors (16384K)
 Metaspace       used 117138K, capacity 121499K, committed 121800K, reserved 1155072K
  class space    used 15114K, capacity 16696K, committed 16768K, reserved 1048576K
}
Event: 12.047 GC heap after
{Heap after GC invocations=47 (full 0):
 garbage-first heap   total 470016K, used 183776K [0x0000000080000000, 0x0000000100000000)
  region size 1024K, 15 young (15360K), 15 survivors (15360K)
 Metaspace       used 117138K, capacity 121499K, committed 121800K, reserved 1155072K
  class space    used 15114K, capacity 16696K, committed 16768K, reserved 1048576K
}
Event: 12.577 GC heap before
{Heap before GC invocations=47 (full 0):
 garbage-first heap   total 470016K, used 367072K [0x0000000080000000, 0x0000000100000000)
  region size 1024K, 195 young (199680K), 15 survivors (15360K)
 Metaspace       used 117422K, capacity 121769K, committed 121800K, reserved 1155072K
  class space    used 15145K, capacity 16751K, committed 16768K, reserved 1048576K
}
Event: 12.584 GC heap after
{Heap after GC invocations=48 (full 0):
 garbage-first heap   total 470016K, used 195884K [0x0000000080000000, 0x0000000100000000)
  region size 1024K, 14 young (14336K), 14 survivors (14336K)
 Metaspace       used 117422K, capacity 121769K, committed 121800K, reserved 1155072K
  class space    used 15145K, capacity 16751K, committed 16768K, reserved 1048576K
}

